build/app/intermediates/manifest_merge_blame_file/debug/manifest-merger-blame-debug-report.txt
1<?xml version="1.0" encoding="utf-8"?>
2<manifest xmlns:android="http://schemas.android.com/apk/res/android"
3    package="com.example.udemy_shop_app"
4    android:versionCode="1"
5    android:versionName="1.0.0" >
6
7    <uses-sdk
8        android:minSdkVersion="21"
9        android:targetSdkVersion="33" />
10    <!--
11         Flutter needs it to communicate with the running application
12         to allow setting breakpoints, to provide hot reload, etc.
13    -->
14    <uses-permission android:name="android.permission.INTERNET" />
14-->src\main\AndroidManifest.xml:4:3-64
14-->src\main\AndroidManifest.xml:4:20-62
15    <uses-permission android:name="android.permission.ACCESS_FINE_LOCATION" />
15-->src\main\AndroidManifest.xml:5:3-77
15-->src\main\AndroidManifest.xml:5:20-74
16    <uses-permission android:name="android.permission.ACCESS_COARSE_LOCATION" />
16-->src\main\AndroidManifest.xml:6:3-79
16-->src\main\AndroidManifest.xml:6:20-76
17    <uses-permission android:name="android.permission.ACCESS_BACKGROUND_LOCATION" />
17-->src\main\AndroidManifest.xml:7:3-83
17-->src\main\AndroidManifest.xml:7:20-80
18    <uses-permission android:name="android.permission.ACCESS_NETWORK_STATE" />
18-->[com.google.firebase:firebase-auth:21.0.1] AndroidManifest.xml:24:5-79
18-->[com.google.firebase:firebase-auth:21.0.1] AndroidManifest.xml:24:22-76
19
20    <queries>
20-->[com.facebook.android:facebook-common:15.1.0] AndroidManifest.xml:17:5-19:15
21        <package android:name="com.facebook.katana" />
21-->[com.facebook.android:facebook-common:15.1.0] AndroidManifest.xml:18:9-55
21-->[com.facebook.android:facebook-common:15.1.0] AndroidManifest.xml:18:18-52
22    </queries>
23
24    <uses-permission android:name="com.google.android.gms.permission.AD_ID" />
24-->[com.facebook.android:facebook-core:15.1.0] AndroidManifest.xml:16:5-79
24-->[com.facebook.android:facebook-core:15.1.0] AndroidManifest.xml:16:22-76
25
26    <uses-feature
26-->[com.google.android.gms:play-services-maps:17.0.0] AndroidManifest.xml:26:5-28:35
27        android:glEsVersion="0x00020000"
27-->[com.google.android.gms:play-services-maps:17.0.0] AndroidManifest.xml:27:9-41
28        android:required="true" />
28-->[com.google.android.gms:play-services-maps:17.0.0] AndroidManifest.xml:28:9-32
29
30    <uses-permission android:name="com.google.android.finsky.permission.BIND_GET_INSTALL_REFERRER_SERVICE" />
30-->[com.android.installreferrer:installreferrer:1.0] AndroidManifest.xml:9:5-110
30-->[com.android.installreferrer:installreferrer:1.0] AndroidManifest.xml:9:22-107
31
32    <application
32-->src\main\AndroidManifest.xml:9:4-64:19
33        android:appComponentFactory="androidx.core.app.CoreComponentFactory"
33-->[androidx.core:core:1.6.0] AndroidManifest.xml:24:18-86
34        android:debuggable="true"
35        android:icon="@mipmap/ic_launcher"
35-->src\main\AndroidManifest.xml:11:9-43
36        android:label="udemy_shop_app"
36-->src\main\AndroidManifest.xml:10:9-39
37        android:supportsRtl="true" >
37-->[com.facebook.android:facebook-android-sdk:15.1.0] AndroidManifest.xml:16:18-44
38        <activity
38-->src\main\AndroidManifest.xml:12:9-40:20
39            android:name="com.example.udemy_shop_app.MainActivity"
39-->src\main\AndroidManifest.xml:13:13-41
40            android:configChanges="orientation|keyboardHidden|keyboard|screenSize|smallestScreenSize|locale|layoutDirection|fontScale|screenLayout|density|uiMode"
40-->src\main\AndroidManifest.xml:16:13-163
41            android:hardwareAccelerated="true"
41-->src\main\AndroidManifest.xml:17:13-47
42            android:launchMode="singleTop"
42-->src\main\AndroidManifest.xml:14:13-43
43            android:theme="@style/LaunchTheme"
43-->src\main\AndroidManifest.xml:15:13-47
44            android:windowSoftInputMode="adjustResize" >
44-->src\main\AndroidManifest.xml:18:13-55
45
46            <!--
47                 Specifies an Android theme to apply to this Activity as soon as
48                 the Android process has started. This theme is visible to the user
49                 while the Flutter UI initializes. After that, this theme continues
50                 to determine the Window background behind the Flutter UI.
51            -->
52            <meta-data
52-->src\main\AndroidManifest.xml:23:13-26:17
53                android:name="io.flutter.embedding.android.NormalTheme"
53-->src\main\AndroidManifest.xml:24:15-70
54                android:resource="@style/NormalTheme" />
54-->src\main\AndroidManifest.xml:25:15-52
55            <!--
56                 Displays an Android View that continues showing the launch screen
57                 Drawable until Flutter paints its first frame, then this splash
58                 screen fades out. A splash screen is useful to avoid any visual
59                 gap between the end of Android's launch screen and the painting of
60                 Flutter's first frame.
61            -->
62            <meta-data
62-->src\main\AndroidManifest.xml:32:13-35:17
63                android:name="io.flutter.embedding.android.SplashScreenDrawable"
63-->src\main\AndroidManifest.xml:33:15-79
64                android:resource="@drawable/launch_background" />
64-->src\main\AndroidManifest.xml:34:15-61
65
66            <intent-filter>
66-->src\main\AndroidManifest.xml:36:13-39:29
67                <action android:name="android.intent.action.MAIN" />
67-->src\main\AndroidManifest.xml:37:17-68
67-->src\main\AndroidManifest.xml:37:25-66
68
69                <category android:name="android.intent.category.LAUNCHER" />
69-->src\main\AndroidManifest.xml:38:17-76
69-->src\main\AndroidManifest.xml:38:27-74
70            </intent-filter>
71        </activity>
72        <!--
73             Don't delete the meta-data below.
74             This is used by the Flutter tool to generate GeneratedPluginRegistrant.java
75        -->
76        <meta-data
76-->src\main\AndroidManifest.xml:43:9-45:33
77            android:name="flutterEmbedding"
77-->src\main\AndroidManifest.xml:44:13-44
78            android:value="2" />
78-->src\main\AndroidManifest.xml:45:13-30
79        <meta-data
79-->src\main\AndroidManifest.xml:46:9-47:50
80            android:name="com.facebook.sdk.ApplicationId"
80-->src\main\AndroidManifest.xml:46:20-65
81            android:value="@string/facebook_app_id" />
81-->src\main\AndroidManifest.xml:47:9-48
82
83        <activity
83-->src\main\AndroidManifest.xml:49:9-52:48
84            android:name="com.facebook.FacebookActivity"
84-->src\main\AndroidManifest.xml:49:19-63
85            android:configChanges="keyboard|keyboardHidden|screenLayout|screenSize|orientation"
85-->src\main\AndroidManifest.xml:50:13-117
86            android:label="@string/app_name"
86-->src\main\AndroidManifest.xml:52:13-45
87            android:theme="@style/com_facebook_activity_theme" />
87-->[com.facebook.android:facebook-common:15.1.0] AndroidManifest.xml:25:13-63
88        <activity
88-->src\main\AndroidManifest.xml:53:9-62:16
89            android:name="com.facebook.CustomTabActivity"
89-->src\main\AndroidManifest.xml:54:13-58
90            android:exported="true" >
90-->src\main\AndroidManifest.xml:55:13-36
91            <intent-filter>
91-->src\main\AndroidManifest.xml:56:9-61:25
92                <action android:name="android.intent.action.VIEW" />
92-->src\main\AndroidManifest.xml:57:13-65
92-->src\main\AndroidManifest.xml:57:21-62
93
94                <category android:name="android.intent.category.DEFAULT" />
94-->src\main\AndroidManifest.xml:58:13-72
94-->src\main\AndroidManifest.xml:58:23-69
95                <category android:name="android.intent.category.BROWSABLE" />
95-->src\main\AndroidManifest.xml:59:13-74
95-->src\main\AndroidManifest.xml:59:23-71
96
97                <data android:scheme="@string/fb_login_protocol_scheme" />
97-->src\main\AndroidManifest.xml:60:13-71
97-->src\main\AndroidManifest.xml:60:19-68
98            </intent-filter>
99            <intent-filter>
99-->[com.facebook.android:facebook-common:15.1.0] AndroidManifest.xml:31:13-40:29
100                <action android:name="android.intent.action.VIEW" />
100-->src\main\AndroidManifest.xml:57:13-65
100-->src\main\AndroidManifest.xml:57:21-62
101
102                <category android:name="android.intent.category.DEFAULT" />
102-->src\main\AndroidManifest.xml:58:13-72
102-->src\main\AndroidManifest.xml:58:23-69
103                <category android:name="android.intent.category.BROWSABLE" />
103-->src\main\AndroidManifest.xml:59:13-74
103-->src\main\AndroidManifest.xml:59:23-71
104
105                <data
105-->src\main\AndroidManifest.xml:60:13-71
106                    android:host="cct.com.example.udemy_shop_app"
107                    android:scheme="fbconnect" />
107-->src\main\AndroidManifest.xml:60:19-68
108            </intent-filter>
109        </activity>
110
111        <service
111-->[:firebase_auth] AndroidManifest.xml:8:9-12:19
112            android:name="com.google.firebase.components.ComponentDiscoveryService"
112-->[:firebase_auth] AndroidManifest.xml:8:18-89
113            android:directBootAware="true"
113-->[com.google.firebase:firebase-common:20.0.0] AndroidManifest.xml:35:13-43
114            android:exported="false" >
114-->[com.google.firebase:firebase-auth:21.0.1] AndroidManifest.xml:76:13-37
115            <meta-data
115-->[:firebase_auth] AndroidManifest.xml:9:13-11:85
116                android:name="com.google.firebase.components:io.flutter.plugins.firebase.auth.FlutterFirebaseAuthRegistrar"
116-->[:firebase_auth] AndroidManifest.xml:10:17-124
117                android:value="com.google.firebase.components.ComponentRegistrar" />
117-->[:firebase_auth] AndroidManifest.xml:11:17-82
118            <meta-data
118-->[:firebase_core] AndroidManifest.xml:9:13-11:85
119                android:name="com.google.firebase.components:io.flutter.plugins.firebase.core.FlutterFirebaseCoreRegistrar"
119-->[:firebase_core] AndroidManifest.xml:10:17-124
120                android:value="com.google.firebase.components.ComponentRegistrar" />
120-->[:firebase_core] AndroidManifest.xml:11:17-82
121            <meta-data
121-->[com.google.firebase:firebase-auth:21.0.1] AndroidManifest.xml:77:13-79:85
122                android:name="com.google.firebase.components:com.google.firebase.auth.FirebaseAuthRegistrar"
122-->[com.google.firebase:firebase-auth:21.0.1] AndroidManifest.xml:78:17-109
123                android:value="com.google.firebase.components.ComponentRegistrar" />
123-->[com.google.firebase:firebase-auth:21.0.1] AndroidManifest.xml:79:17-82
124        </service>
125
126        <meta-data
126-->[:pay_android] AndroidManifest.xml:12:9-14:36
127            android:name="com.google.android.gms.wallet.api.enabled"
127-->[:pay_android] AndroidManifest.xml:13:13-69
128            android:value="true" />
128-->[:pay_android] AndroidManifest.xml:14:13-33
129
130        <uses-library
130-->[androidx.window:window:1.0.0-beta04] AndroidManifest.xml:25:9-27:40
131            android:name="androidx.window.extensions"
131-->[androidx.window:window:1.0.0-beta04] AndroidManifest.xml:26:13-54
132            android:required="false" />
132-->[androidx.window:window:1.0.0-beta04] AndroidManifest.xml:27:13-37
133        <uses-library
133-->[androidx.window:window:1.0.0-beta04] AndroidManifest.xml:28:9-30:40
134            android:name="androidx.window.sidecar"
134-->[androidx.window:window:1.0.0-beta04] AndroidManifest.xml:29:13-51
135            android:required="false" />
135-->[androidx.window:window:1.0.0-beta04] AndroidManifest.xml:30:13-37
136
137        <activity
137-->[com.google.firebase:firebase-auth:21.0.1] AndroidManifest.xml:27:9-44:20
138            android:name="com.google.firebase.auth.internal.GenericIdpActivity"
138-->[com.google.firebase:firebase-auth:21.0.1] AndroidManifest.xml:28:13-80
139            android:excludeFromRecents="true"
139-->[com.google.firebase:firebase-auth:21.0.1] AndroidManifest.xml:29:13-46
140            android:exported="true"
140-->[com.google.firebase:firebase-auth:21.0.1] AndroidManifest.xml:30:13-36
141            android:launchMode="singleTask"
141-->[com.google.firebase:firebase-auth:21.0.1] AndroidManifest.xml:31:13-44
142            android:theme="@android:style/Theme.Translucent.NoTitleBar" >
142-->[com.google.firebase:firebase-auth:21.0.1] AndroidManifest.xml:32:13-72
143            <intent-filter>
143-->[com.google.firebase:firebase-auth:21.0.1] AndroidManifest.xml:33:13-43:29
144                <action android:name="android.intent.action.VIEW" />
144-->src\main\AndroidManifest.xml:57:13-65
144-->src\main\AndroidManifest.xml:57:21-62
145
146                <category android:name="android.intent.category.DEFAULT" />
146-->src\main\AndroidManifest.xml:58:13-72
146-->src\main\AndroidManifest.xml:58:23-69
147                <category android:name="android.intent.category.BROWSABLE" />
147-->src\main\AndroidManifest.xml:59:13-74
147-->src\main\AndroidManifest.xml:59:23-71
148
149                <data
149-->src\main\AndroidManifest.xml:60:13-71
150                    android:host="firebase.auth"
151                    android:path="/"
152                    android:scheme="genericidp" />
152-->src\main\AndroidManifest.xml:60:19-68
153            </intent-filter>
154        </activity>
155        <activity
155-->[com.google.firebase:firebase-auth:21.0.1] AndroidManifest.xml:45:9-62:20
156            android:name="com.google.firebase.auth.internal.RecaptchaActivity"
156-->[com.google.firebase:firebase-auth:21.0.1] AndroidManifest.xml:46:13-79
157            android:excludeFromRecents="true"
157-->[com.google.firebase:firebase-auth:21.0.1] AndroidManifest.xml:47:13-46
158            android:exported="true"
158-->[com.google.firebase:firebase-auth:21.0.1] AndroidManifest.xml:48:13-36
159            android:launchMode="singleTask"
159-->[com.google.firebase:firebase-auth:21.0.1] AndroidManifest.xml:49:13-44
160            android:theme="@android:style/Theme.Translucent.NoTitleBar" >
160-->[com.google.firebase:firebase-auth:21.0.1] AndroidManifest.xml:50:13-72
161            <intent-filter>
161-->[com.google.firebase:firebase-auth:21.0.1] AndroidManifest.xml:51:13-61:29
162                <action android:name="android.intent.action.VIEW" />
162-->src\main\AndroidManifest.xml:57:13-65
162-->src\main\AndroidManifest.xml:57:21-62
163
164                <category android:name="android.intent.category.DEFAULT" />
164-->src\main\AndroidManifest.xml:58:13-72
164-->src\main\AndroidManifest.xml:58:23-69
165                <category android:name="android.intent.category.BROWSABLE" />
165-->src\main\AndroidManifest.xml:59:13-74
165-->src\main\AndroidManifest.xml:59:23-71
166
167                <data
167-->src\main\AndroidManifest.xml:60:13-71
168                    android:host="firebase.auth"
169                    android:path="/"
170                    android:scheme="recaptcha" />
170-->src\main\AndroidManifest.xml:60:19-68
171            </intent-filter>
172        </activity>
173
174        <service
174-->[com.google.firebase:firebase-auth:21.0.1] AndroidManifest.xml:64:9-73:19
175            android:name="com.google.firebase.auth.api.fallback.service.FirebaseAuthFallbackService"
175-->[com.google.firebase:firebase-auth:21.0.1] AndroidManifest.xml:65:13-101
176            android:enabled="true"
176-->[com.google.firebase:firebase-auth:21.0.1] AndroidManifest.xml:66:13-35
177            android:exported="false" >
177-->[com.google.firebase:firebase-auth:21.0.1] AndroidManifest.xml:67:13-37
178            <intent-filter>
178-->[com.google.firebase:firebase-auth:21.0.1] AndroidManifest.xml:68:13-72:29
179                <action android:name="com.google.firebase.auth.api.gms.service.START" />
179-->[com.google.firebase:firebase-auth:21.0.1] AndroidManifest.xml:69:17-89
179-->[com.google.firebase:firebase-auth:21.0.1] AndroidManifest.xml:69:25-86
180
181                <category android:name="android.intent.category.DEFAULT" />
181-->src\main\AndroidManifest.xml:58:13-72
181-->src\main\AndroidManifest.xml:58:23-69
182            </intent-filter>
183        </service>
184
185        <provider
185-->[com.google.firebase:firebase-common:20.0.0] AndroidManifest.xml:26:9-31:39
186            android:name="com.google.firebase.provider.FirebaseInitProvider"
186-->[com.google.firebase:firebase-common:20.0.0] AndroidManifest.xml:27:13-77
187            android:authorities="com.example.udemy_shop_app.firebaseinitprovider"
187-->[com.google.firebase:firebase-common:20.0.0] AndroidManifest.xml:28:13-72
188            android:directBootAware="true"
188-->[com.google.firebase:firebase-common:20.0.0] AndroidManifest.xml:29:13-43
189            android:exported="false"
189-->[com.google.firebase:firebase-common:20.0.0] AndroidManifest.xml:30:13-37
190            android:initOrder="100" />
190-->[com.google.firebase:firebase-common:20.0.0] AndroidManifest.xml:31:13-36
191
192        <activity android:name="com.facebook.CustomTabMainActivity" />
192-->[com.facebook.android:facebook-common:15.1.0] AndroidManifest.xml:26:9-71
192-->[com.facebook.android:facebook-common:15.1.0] AndroidManifest.xml:26:19-68
193        <!--
194         The initialization ContentProvider will call FacebookSdk.sdkInitialize automatically
195         with the application context. This config is merged in with the host app's manifest,
196         but there can only be one provider with the same authority activated at any given
197         point; so if the end user has two or more different apps that use Facebook SDK, only the
198         first one will be able to use the provider. To work around this problem, we use the
199         following placeholder in the authority to identify each host application as if it was
200         a completely different provider.
201        -->
202        <provider
202-->[com.facebook.android:facebook-core:15.1.0] AndroidManifest.xml:29:9-32:40
203            android:name="com.facebook.internal.FacebookInitProvider"
203-->[com.facebook.android:facebook-core:15.1.0] AndroidManifest.xml:30:13-70
204            android:authorities="com.example.udemy_shop_app.FacebookInitProvider"
204-->[com.facebook.android:facebook-core:15.1.0] AndroidManifest.xml:31:13-72
205            android:exported="false" />
205-->[com.facebook.android:facebook-core:15.1.0] AndroidManifest.xml:32:13-37
206
207        <receiver
207-->[com.facebook.android:facebook-core:15.1.0] AndroidManifest.xml:34:9-40:20
208            android:name="com.facebook.CurrentAccessTokenExpirationBroadcastReceiver"
208-->[com.facebook.android:facebook-core:15.1.0] AndroidManifest.xml:35:13-86
209            android:exported="false" >
209-->[com.facebook.android:facebook-core:15.1.0] AndroidManifest.xml:36:13-37
210            <intent-filter>
210-->[com.facebook.android:facebook-core:15.1.0] AndroidManifest.xml:37:13-39:29
211                <action android:name="com.facebook.sdk.ACTION_CURRENT_ACCESS_TOKEN_CHANGED" />
211-->[com.facebook.android:facebook-core:15.1.0] AndroidManifest.xml:38:17-95
211-->[com.facebook.android:facebook-core:15.1.0] AndroidManifest.xml:38:25-92
212            </intent-filter>
213        </receiver>
214        <receiver
214-->[com.facebook.android:facebook-core:15.1.0] AndroidManifest.xml:41:9-47:20
215            android:name="com.facebook.AuthenticationTokenManager$CurrentAuthenticationTokenChangedBroadcastReceiver"
215-->[com.facebook.android:facebook-core:15.1.0] AndroidManifest.xml:42:13-118
216            android:exported="false" >
216-->[com.facebook.android:facebook-core:15.1.0] AndroidManifest.xml:43:13-37
217            <intent-filter>
217-->[com.facebook.android:facebook-core:15.1.0] AndroidManifest.xml:44:13-46:29
218                <action android:name="com.facebook.sdk.ACTION_CURRENT_AUTHENTICATION_TOKEN_CHANGED" />
218-->[com.facebook.android:facebook-core:15.1.0] AndroidManifest.xml:45:17-103
218-->[com.facebook.android:facebook-core:15.1.0] AndroidManifest.xml:45:25-100
219            </intent-filter>
220        </receiver> <!-- Needs to be explicitly declared on P+ -->
221        <uses-library
221-->[com.google.android.gms:play-services-maps:17.0.0] AndroidManifest.xml:33:9-35:40
222            android:name="org.apache.http.legacy"
222-->[com.google.android.gms:play-services-maps:17.0.0] AndroidManifest.xml:34:13-50
223            android:required="false" />
223-->[com.google.android.gms:play-services-maps:17.0.0] AndroidManifest.xml:35:13-37
224
225        <activity
225-->[com.google.android.gms:play-services-auth:16.0.1] AndroidManifest.xml:23:9-27:75
226            android:name="com.google.android.gms.auth.api.signin.internal.SignInHubActivity"
226-->[com.google.android.gms:play-services-auth:16.0.1] AndroidManifest.xml:24:13-93
227            android:excludeFromRecents="true"
227-->[com.google.android.gms:play-services-auth:16.0.1] AndroidManifest.xml:25:13-46
228            android:exported="false"
228-->[com.google.android.gms:play-services-auth:16.0.1] AndroidManifest.xml:26:13-37
229            android:theme="@android:style/Theme.Translucent.NoTitleBar" />
229-->[com.google.android.gms:play-services-auth:16.0.1] AndroidManifest.xml:27:13-72
230        <!--
231            Service handling Google Sign-In user revocation. For apps that do not integrate with
232            Google Sign-In, this service will never be started.
233        -->
234        <service
234-->[com.google.android.gms:play-services-auth:16.0.1] AndroidManifest.xml:33:9-36:110
235            android:name="com.google.android.gms.auth.api.signin.RevocationBoundService"
235-->[com.google.android.gms:play-services-auth:16.0.1] AndroidManifest.xml:34:13-89
236            android:exported="true"
236-->[com.google.android.gms:play-services-auth:16.0.1] AndroidManifest.xml:35:13-36
237            android:permission="com.google.android.gms.auth.api.signin.permission.REVOCATION_NOTIFICATION" />
237-->[com.google.android.gms:play-services-auth:16.0.1] AndroidManifest.xml:36:13-107
238
239        <activity
239-->[com.google.android.gms:play-services-base:17.1.0] AndroidManifest.xml:23:9-26:75
240            android:name="com.google.android.gms.common.api.GoogleApiActivity"
240-->[com.google.android.gms:play-services-base:17.1.0] AndroidManifest.xml:24:13-79
241            android:exported="false"
241-->[com.google.android.gms:play-services-base:17.1.0] AndroidManifest.xml:25:13-37
242            android:theme="@android:style/Theme.Translucent.NoTitleBar" />
242-->[com.google.android.gms:play-services-base:17.1.0] AndroidManifest.xml:26:13-72
243
244        <meta-data
244-->[com.google.android.gms:play-services-basement:17.1.0] AndroidManifest.xml:23:9-25:69
245            android:name="com.google.android.gms.version"
245-->[com.google.android.gms:play-services-basement:17.1.0] AndroidManifest.xml:24:13-58
246            android:value="@integer/google_play_services_version" />
246-->[com.google.android.gms:play-services-basement:17.1.0] AndroidManifest.xml:25:13-66
247    </application>
248
249</manifest>